<?xml version="1.0" encoding="UTF-8"?>
<testng-results ignored="0" total="1" passed="1" failed="0" skipped="0">
  <reporter-output>
    <line>
      <![CDATA[Value Saved]]>
    </line>
    <line>
      <![CDATA[Value Saved]]>
    </line>
    <line>
      <![CDATA[Value Saved]]>
    </line>
    <line>
      <![CDATA[Machine Health Score Calculated]]>
    </line>
  </reporter-output>
  <suite started-at="2023-09-29T21:35:37 CDT" name="Default suite" finished-at="2023-09-29T21:37:02 CDT" duration-ms="85317">
    <groups>
    </groups>
    <test started-at="2023-09-29T21:35:37 CDT" name="Default test" finished-at="2023-09-29T21:37:02 CDT" duration-ms="85317">
      <class name="Main.SourceClass">
        <test-method is-config="true" signature="setup()[pri:0, instance:Main.SourceClass@2ef3eef9]" started-at="2023-09-29T21:35:37 CDT" name="setup" finished-at="2023-09-29T21:35:57 CDT" duration-ms="19962" status="PASS">
          <reporter-output>
          </reporter-output>
        </test-method> <!-- setup -->
        <test-method signature="openLog()[pri:0, instance:Main.SourceClass@2ef3eef9]" started-at="2023-09-29T21:35:57 CDT" name="openLog" finished-at="2023-09-29T21:37:02 CDT" duration-ms="65273" status="PASS">
          <reporter-output>
            <line>
              <![CDATA[Value Saved]]>
            </line>
            <line>
              <![CDATA[Value Saved]]>
            </line>
            <line>
              <![CDATA[Value Saved]]>
            </line>
            <line>
              <![CDATA[Machine Health Score Calculated]]>
            </line>
          </reporter-output>
        </test-method> <!-- openLog -->
        <test-method is-config="true" signature="teardown()[pri:0, instance:Main.SourceClass@2ef3eef9]" started-at="2023-09-29T21:37:02 CDT" name="teardown" finished-at="2023-09-29T21:37:02 CDT" duration-ms="0" status="PASS">
          <reporter-output>
          </reporter-output>
        </test-method> <!-- teardown -->
      </class> <!-- Main.SourceClass -->
    </test> <!-- Default test -->
  </suite> <!-- Default suite -->
</testng-results>
